[1018/050703.664:ERROR:directory_reader_win.cc(43)] FindFirstFile: The system cannot find the path specified. (0x3)
[1019/175422.269:ERROR:directory_reader_win.cc(43)] FindFirstFile: The system cannot find the path specified. (0x3)
[1021/054836.167:ERROR:directory_reader_win.cc(43)] FindFirstFile: The system cannot find the path specified. (0x3)
[1024/012534.605:ERROR:directory_reader_win.cc(43)] FindFirstFile: The system cannot find the path specified. (0x3)
[1027/110009.983:ERROR:directory_reader_win.cc(43)] FindFirstFile: The system cannot find the path specified. (0x3)
[1027/142756.590:ERROR:directory_reader_win.cc(43)] FindFirstFile: The system cannot find the path specified. (0x3)
[1027/220748.996:ERROR:directory_reader_win.cc(43)] FindFirstFile: The system cannot find the path specified. (0x3)
[1028/062240.228:ERROR:directory_reader_win.cc(43)] FindFirstFile: The system cannot find the path specified. (0x3)
[1028/134856.222:ERROR:directory_reader_win.cc(43)] FindFirstFile: The system cannot find the path specified. (0x3)
[1028/160043.127:ERROR:directory_reader_win.cc(43)] FindFirstFile: The system cannot find the path specified. (0x3)
[1028/171614.862:ERROR:directory_reader_win.cc(43)] FindFirstFile: The system cannot find the path specified. (0x3)
[1028/175559.495:ERROR:directory_reader_win.cc(43)] FindFirstFile: The system cannot find the path specified. (0x3)
[1029/075920.472:ERROR:directory_reader_win.cc(43)] FindFirstFile: The system cannot find the path specified. (0x3)
[1030/014403.646:ERROR:process_reader_win.cc(123)] NtOpenThread: {Access Denied} A process has requested access to an object, but has not been granted those access rights. (0xc0000022)
[1030/014404.224:ERROR:process_reader_win.cc(123)] NtOpenThread: {Access Denied} A process has requested access to an object, but has not been granted those access rights. (0xc0000022)
[1030/014404.739:ERROR:exception_snapshot_win.cc(99)] thread ID 12472 not found in process
[1030/014404.739:ERROR:exception_snapshot_win.cc(99)] thread ID 12296 not found in process
[1030/023045.729:ERROR:directory_reader_win.cc(43)] FindFirstFile: The system cannot find the path specified. (0x3)
[1030/094913.741:ERROR:directory_reader_win.cc(43)] FindFirstFile: The system cannot find the path specified. (0x3)
[1030/133020.970:ERROR:directory_reader_win.cc(43)] FindFirstFile: The system cannot find the path specified. (0x3)
[1101/062414.739:ERROR:directory_reader_win.cc(43)] FindFirstFile: The system cannot find the path specified. (0x3)
[1101/095646.391:ERROR:directory_reader_win.cc(43)] FindFirstFile: The system cannot find the path specified. (0x3)
[1102/085444.783:ERROR:directory_reader_win.cc(43)] FindFirstFile: The system cannot find the path specified. (0x3)
[1102/231319.198:ERROR:process_reader_win.cc(123)] NtOpenThread: {Access Denied} A process has requested access to an object, but has not been granted those access rights. (0xc0000022)
[1102/231319.604:ERROR:exception_snapshot_win.cc(99)] thread ID 10468 not found in process
[1102/231319.839:ERROR:process_reader_win.cc(123)] NtOpenThread: {Access Denied} A process has requested access to an object, but has not been granted those access rights. (0xc0000022)
[1102/231319.839:ERROR:exception_snapshot_win.cc(99)] thread ID 360 not found in process
[1103/083258.140:ERROR:directory_reader_win.cc(43)] FindFirstFile: The system cannot find the path specified. (0x3)
[1103/223547.815:ERROR:process_reader_win.cc(123)] NtOpenThread: {Access Denied} A process has requested access to an object, but has not been granted those access rights. (0xc0000022)
[1103/223547.815:ERROR:process_reader_win.cc(123)] NtOpenThread: {Access Denied} A process has requested access to an object, but has not been granted those access rights. (0xc0000022)
[1103/223548.409:ERROR:exception_snapshot_win.cc(99)] thread ID 8288 not found in process
[1103/223548.409:ERROR:exception_snapshot_win.cc(99)] thread ID 7084 not found in process
[1103/223548.518:ERROR:scoped_process_suspend.cc(40)] NtResumeProcess: An attempt was made to access an exiting process. (0xc000010a)
[1105/074959.293:ERROR:directory_reader_win.cc(43)] FindFirstFile: The system cannot find the path specified. (0x3)
[1105/082607.558:ERROR:process_memory_win.cc(73)] ReadMemory at 0x7ff63b2e0000 of 64 bytes failed: Only part of a ReadProcessMemory or WriteProcessMemory request was completed. (0x12B)
[1105/082607.714:WARNING:pe_image_reader.cc(340)] could not read dos header from C:\Program Files (x86)\Google\Chrome\Application\chrome.exe
[1105/082607.714:ERROR:process_memory_win.cc(73)] ReadMemory at 0x7ffa1fcb0000 of 64 bytes failed: Only part of a ReadProcessMemory or WriteProcessMemory request was completed. (0x12B)
[1105/082607.714:WARNING:pe_image_reader.cc(340)] could not read dos header from C:\Windows\SYSTEM32\ntdll.dll
[1105/082607.714:ERROR:process_memory_win.cc(73)] ReadMemory at 0x7ffa1f570000 of 64 bytes failed: Only part of a ReadProcessMemory or WriteProcessMemory request was completed. (0x12B)
[1105/082607.715:WARNING:pe_image_reader.cc(340)] could not read dos header from C:\Windows\System32\KERNEL32.DLL
[1105/082607.715:ERROR:process_memory_win.cc(73)] ReadMemory at 0x7ffa1da50000 of 64 bytes failed: Only part of a ReadProcessMemory or WriteProcessMemory request was completed. (0x12B)
[1105/082607.715:WARNING:pe_image_reader.cc(340)] could not read dos header from C:\Windows\System32\KERNELBASE.dll
[1105/082607.715:ERROR:process_memory_win.cc(73)] ReadMemory at 0x7ffa04e20000 of 64 bytes failed: Only part of a ReadProcessMemory or WriteProcessMemory request was completed. (0x12B)
[1105/082607.715:WARNING:pe_image_reader.cc(340)] could not read dos header from C:\Program Files (x86)\Google\Chrome\Application\86.0.4240.111\chrome_elf.dll
[1105/082607.715:ERROR:process_memory_win.cc(73)] ReadMemory at 0x7ffa11430000 of 64 bytes failed: Only part of a ReadProcessMemory or WriteProcessMemory request was completed. (0x12B)
[1105/082607.715:WARNING:pe_image_reader.cc(340)] could not read dos header from C:\Windows\SYSTEM32\VERSION.dll
[1105/082607.715:ERROR:process_memory_win.cc(73)] ReadMemory at 0x7ffa1f140000 of 64 bytes failed: Only part of a ReadProcessMemory or WriteProcessMemory request was completed. (0x12B)
[1105/082607.715:WARNING:pe_image_reader.cc(340)] could not read dos header from C:\Windows\System32\msvcrt.dll
[1105/082607.715:ERROR:process_memory_win.cc(73)] ReadMemory at 0x7ffa1fae0000 of 64 bytes failed: Only part of a ReadProcessMemory or WriteProcessMemory request was completed. (0x12B)
[1105/082607.715:WARNING:pe_image_reader.cc(340)] could not read dos header from C:\Windows\System32\ADVAPI32.dll
[1105/082607.715:ERROR:process_memory_win.cc(73)] ReadMemory at 0x7ffa1de40000 of 64 bytes failed: Only part of a ReadProcessMemory or WriteProcessMemory request was completed. (0x12B)
[1105/082607.716:WARNING:pe_image_reader.cc(340)] could not read dos header from C:\Windows\System32\sechost.dll
[1105/082607.716:ERROR:process_memory_win.cc(73)] ReadMemory at 0x7ffa1f3e0000 of 64 bytes failed: Only part of a ReadProcessMemory or WriteProcessMemory request was completed. (0x12B)
[1105/082607.716:WARNING:pe_image_reader.cc(340)] could not read dos header from C:\Windows\System32\RPCRT4.dll
[1105/082607.716:ERROR:process_memory_win.cc(73)] ReadMemory at 0x7ff9d6520000 of 64 bytes failed: Only part of a ReadProcessMemory or WriteProcessMemory request was completed. (0x12B)
[1105/082607.716:WARNING:pe_image_reader.cc(340)] could not read dos header from C:\Program Files (x86)\Google\Chrome\Application\86.0.4240.111\chrome.dll
[1105/082607.716:ERROR:process_memory_win.cc(73)] ReadMemory at 0x7ffa1f290000 of 64 bytes failed: Only part of a ReadProcessMemory or WriteProcessMemory request was completed. (0x12B)
[1105/082607.716:WARNING:pe_image_reader.cc(340)] could not read dos header from C:\Windows\System32\WS2_32.dll
[1105/082607.716:ERROR:process_memory_win.cc(73)] ReadMemory at 0x7ffa1fba0000 of 64 bytes failed: Only part of a ReadProcessMemory or WriteProcessMemory request was completed. (0x12B)
[1105/082607.716:WARNING:pe_image_reader.cc(340)] could not read dos header from C:\Windows\System32\OLEAUT32.dll
[1105/082607.716:ERROR:process_memory_win.cc(73)] ReadMemory at 0x7ffa1d4b0000 of 64 bytes failed: Only part of a ReadProcessMemory or WriteProcessMemory request was completed. (0x12B)
[1105/082607.716:WARNING:pe_image_reader.cc(340)] could not read dos header from C:\Windows\System32\msvcp_win.dll
[1105/082607.717:ERROR:process_memory_win.cc(73)] ReadMemory at 0x7ffa1d760000 of 64 bytes failed: Only part of a ReadProcessMemory or WriteProcessMemory request was completed. (0x12B)
[1105/082607.717:WARNING:pe_image_reader.cc(340)] could not read dos header from C:\Windows\System32\ucrtbase.dll
[1105/082607.717:ERROR:process_memory_win.cc(73)] ReadMemory at 0x7ffa1f780000 of 64 bytes failed: Only part of a ReadProcessMemory or WriteProcessMemory request was completed. (0x12B)
[1105/082607.717:WARNING:pe_image_reader.cc(340)] could not read dos header from C:\Windows\System32\combase.dll
[1105/082607.717:ERROR:process_memory_win.cc(73)] ReadMemory at 0x7ffa1d450000 of 64 bytes failed: Only part of a ReadProcessMemory or WriteProcessMemory request was completed. (0x12B)
[1105/082607.717:WARNING:pe_image_reader.cc(340)] could not read dos header from C:\Windows\System32\WINTRUST.dll
[1105/082607.717:ERROR:process_memory_win.cc(73)] ReadMemory at 0x7ffa1d600000 of 64 bytes failed: Only part of a ReadProcessMemory or WriteProcessMemory request was completed. (0x12B)
[1105/082607.717:WARNING:pe_image_reader.cc(340)] could not read dos header from C:\Windows\System32\CRYPT32.dll
[1105/082607.717:ERROR:process_memory_win.cc(73)] ReadMemory at 0x7ffa0a840000 of 64 bytes failed: Only part of a ReadProcessMemory or WriteProcessMemory request was completed. (0x12B)
[1105/082607.717:WARNING:pe_image_reader.cc(340)] could not read dos header from C:\Windows\SYSTEM32\dbghelp.dll
[1105/082607.717:ERROR:process_memory_win.cc(73)] ReadMemory at 0x7ffa1c7d0000 of 64 bytes failed: Only part of a ReadProcessMemory or WriteProcessMemory request was completed. (0x12B)
[1105/082607.717:WARNING:pe_image_reader.cc(340)] could not read dos header from C:\Windows\SYSTEM32\IPHLPAPI.DLL
[1105/082607.717:ERROR:process_memory_win.cc(73)] ReadMemory at 0x7ffa11b90000 of 64 bytes failed: Only part of a ReadProcessMemory or WriteProcessMemory request was completed. (0x12B)
[1105/082607.717:WARNING:pe_image_reader.cc(340)] could not read dos header from C:\Windows\SYSTEM32\WINMM.dll
[1105/082607.718:ERROR:process_memory_win.cc(73)] ReadMemory at 0x7ffa03d70000 of 64 bytes failed: Only part of a ReadProcessMemory or WriteProcessMemory request was completed. (0x12B)
[1105/082607.718:WARNING:pe_image_reader.cc(340)] could not read dos header from C:\Windows\SYSTEM32\UIAutomationCore.DLL
[1105/082607.718:ERROR:process_memory_win.cc(73)] ReadMemory at 0x7ffa0d180000 of 64 bytes failed: Only part of a ReadProcessMemory or WriteProcessMemory request was completed. (0x12B)
[1105/082607.718:WARNING:pe_image_reader.cc(340)] could not read dos header from C:\Windows\SYSTEM32\Secur32.dll
[1105/082607.718:ERROR:process_memory_win.cc(73)] ReadMemory at 0x7ffa1d2f0000 of 64 bytes failed: Only part of a ReadProcessMemory or WriteProcessMemory request was completed. (0x12B)
[1105/082607.718:WARNING:pe_image_reader.cc(340)] could not read dos header from C:\Windows\SYSTEM32\USERENV.dll
[1105/082607.718:ERROR:process_memory_win.cc(73)] ReadMemory at 0x7ffa0dd40000 of 64 bytes failed: Only part of a ReadProcessMemory or WriteProcessMemory request was completed. (0x12B)
[1105/082607.718:WARNING:pe_image_reader.cc(340)] could not read dos header from C:\Windows\SYSTEM32\DWrite.dll
[1105/082607.718:ERROR:process_memory_win.cc(73)] ReadMemory at 0x7ffa10690000 of 64 bytes failed: Only part of a ReadProcessMemory or WriteProcessMemory request was completed. (0x12B)
[1105/082607.718:WARNING:pe_image_reader.cc(340)] could not read dos header from C:\Windows\SYSTEM32\WINSPOOL.DRV
[1105/082607.718:ERROR:process_memory_win.cc(73)] ReadMemory at 0x7ffa11160000 of 64 bytes failed: Only part of a ReadProcessMemory or WriteProcessMemory request was completed. (0x12B)
[1105/082607.718:WARNING:pe_image_reader.cc(340)] could not read dos header from C:\Windows\SYSTEM32\WINHTTP.dll
[1105/082607.718:ERROR:process_memory_win.cc(73)] ReadMemory at 0x7ffa12aa0000 of 64 bytes failed: Only part of a ReadProcessMemory or WriteProcessMemory request was completed. (0x12B)
[1105/082607.718:WARNING:pe_image_reader.cc(340)] could not read dos header from C:\Windows\SYSTEM32\dhcpcsvc.DLL
[1105/082607.718:ERROR:process_memory_win.cc(73)] ReadMemory at 0x7ffa18fc0000 of 64 bytes failed: Only part of a ReadProcessMemory or WriteProcessMemory request was completed. (0x12B)
[1105/082607.718:WARNING:pe_image_reader.cc(340)] could not read dos header from C:\Windows\SYSTEM32\PROPSYS.dll
[1105/082607.718:ERROR:process_memory_win.cc(73)] ReadMemory at 0x7ffa1d2b0000 of 64 bytes failed: Only part of a ReadProcessMemory or WriteProcessMemory request was completed. (0x12B)
[1105/082607.718:WARNING:pe_image_reader.cc(340)] could not read dos header from C:\Windows\SYSTEM32\SSPICLI.DLL
[1105/082607.718:ERROR:process_memory_win.cc(73)] ReadMemory at 0x7ffa1cf80000 of 64 bytes failed: Only part of a ReadProcessMemory or WriteProcessMemory request was completed. (0x12B)
[1105/082607.718:WARNING:pe_image_reader.cc(340)] could not read dos header from C:\Windows\System32\MSASN1.dll
[1105/082607.719:ERROR:process_memory_win.cc(73)] ReadMemory at 0x7ffa1d550000 of 64 bytes failed: Only part of a ReadProcessMemory or WriteProcessMemory request was completed. (0x12B)
[1105/082607.719:WARNING:pe_image_reader.cc(340)] could not read dos header from C:\Windows\System32\bcryptPrimitives.dll
[1105/082607.719:ERROR:process_memory_win.cc(73)] ReadMemory at 0x7ffa1cc40000 of 64 bytes failed: Only part of a ReadProcessMemory or WriteProcessMemory request was completed. (0x12B)
[1105/082607.719:WARNING:pe_image_reader.cc(340)] could not read dos header from C:\Windows\SYSTEM32\CRYPTBASE.DLL
[1105/082608.056:ERROR:process_memory_win.cc(73)] ReadMemory at 0x7ff63b2e0000 of 64 bytes failed: Only part of a ReadProcessMemory or WriteProcessMemory request was completed. (0x12B)
[1105/082608.056:WARNING:pe_image_reader.cc(340)] could not read dos header from C:\Program Files (x86)\Google\Chrome\Application\chrome.exe
[1105/082608.056:ERROR:process_memory_win.cc(73)] ReadMemory at 0x7ffa1fcb0000 of 64 bytes failed: Only part of a ReadProcessMemory or WriteProcessMemory request was completed. (0x12B)
[1105/082608.056:WARNING:pe_image_reader.cc(340)] could not read dos header from C:\Windows\SYSTEM32\ntdll.dll
[1105/082608.056:ERROR:process_memory_win.cc(73)] ReadMemory at 0x7ffa1f570000 of 64 bytes failed: Only part of a ReadProcessMemory or WriteProcessMemory request was completed. (0x12B)
[1105/082608.056:WARNING:pe_image_reader.cc(340)] could not read dos header from C:\Windows\System32\KERNEL32.DLL
[1105/082608.056:ERROR:process_memory_win.cc(73)] ReadMemory at 0x7ffa1da50000 of 64 bytes failed: Only part of a ReadProcessMemory or WriteProcessMemory request was completed. (0x12B)
[1105/082608.056:WARNING:pe_image_reader.cc(340)] could not read dos header from C:\Windows\System32\KERNELBASE.dll
[1105/082608.056:ERROR:process_memory_win.cc(73)] ReadMemory at 0x7ffa04e20000 of 64 bytes failed: Only part of a ReadProcessMemory or WriteProcessMemory request was completed. (0x12B)
[1105/082608.056:WARNING:pe_image_reader.cc(340)] could not read dos header from C:\Program Files (x86)\Google\Chrome\Application\86.0.4240.111\chrome_elf.dll
[1105/082608.056:ERROR:process_memory_win.cc(73)] ReadMemory at 0x7ffa11430000 of 64 bytes failed: Only part of a ReadProcessMemory or WriteProcessMemory request was completed. (0x12B)
[1105/082608.056:WARNING:pe_image_reader.cc(340)] could not read dos header from C:\Windows\SYSTEM32\VERSION.dll
[1105/082608.056:ERROR:process_memory_win.cc(73)] ReadMemory at 0x7ffa1f140000 of 64 bytes failed: Only part of a ReadProcessMemory or WriteProcessMemory request was completed. (0x12B)
[1105/082608.056:WARNING:pe_image_reader.cc(340)] could not read dos header from C:\Windows\System32\msvcrt.dll
[1105/082608.056:ERROR:process_memory_win.cc(73)] ReadMemory at 0x7ffa1fae0000 of 64 bytes failed: Only part of a ReadProcessMemory or WriteProcessMemory request was completed. (0x12B)
[1105/082608.056:WARNING:pe_image_reader.cc(340)] could not read dos header from C:\Windows\System32\ADVAPI32.dll
[1105/082608.056:ERROR:process_memory_win.cc(73)] ReadMemory at 0x7ffa1de40000 of 64 bytes failed: Only part of a ReadProcessMemory or WriteProcessMemory request was completed. (0x12B)
[1105/082608.056:WARNING:pe_image_reader.cc(340)] could not read dos header from C:\Windows\System32\sechost.dll
[1105/082608.057:ERROR:process_memory_win.cc(73)] ReadMemory at 0x7ffa1f3e0000 of 64 bytes failed: Only part of a ReadProcessMemory or WriteProcessMemory request was completed. (0x12B)
[1105/082608.057:WARNING:pe_image_reader.cc(340)] could not read dos header from C:\Windows\System32\RPCRT4.dll
[1105/082608.057:ERROR:process_memory_win.cc(73)] ReadMemory at 0x7ff9d6520000 of 64 bytes failed: Only part of a ReadProcessMemory or WriteProcessMemory request was completed. (0x12B)
[1105/082608.057:WARNING:pe_image_reader.cc(340)] could not read dos header from C:\Program Files (x86)\Google\Chrome\Application\86.0.4240.111\chrome.dll
[1105/082608.057:ERROR:process_memory_win.cc(73)] ReadMemory at 0x7ffa1f290000 of 64 bytes failed: Only part of a ReadProcessMemory or WriteProcessMemory request was completed. (0x12B)
[1105/082608.057:WARNING:pe_image_reader.cc(340)] could not read dos header from C:\Windows\System32\WS2_32.dll
[1105/082608.057:ERROR:process_memory_win.cc(73)] ReadMemory at 0x7ffa1fba0000 of 64 bytes failed: Only part of a ReadProcessMemory or WriteProcessMemory request was completed. (0x12B)
[1105/082608.057:WARNING:pe_image_reader.cc(340)] could not read dos header from C:\Windows\System32\OLEAUT32.dll
[1105/082608.057:ERROR:process_memory_win.cc(73)] ReadMemory at 0x7ffa1d4b0000 of 64 bytes failed: Only part of a ReadProcessMemory or WriteProcessMemory request was completed. (0x12B)
[1105/082608.057:WARNING:pe_image_reader.cc(340)] could not read dos header from C:\Windows\System32\msvcp_win.dll
[1105/082608.057:ERROR:process_memory_win.cc(73)] ReadMemory at 0x7ffa1d760000 of 64 bytes failed: Only part of a ReadProcessMemory or WriteProcessMemory request was completed. (0x12B)
[1105/082608.057:WARNING:pe_image_reader.cc(340)] could not read dos header from C:\Windows\System32\ucrtbase.dll
[1105/082608.057:ERROR:process_memory_win.cc(73)] ReadMemory at 0x7ffa1f780000 of 64 bytes failed: Only part of a ReadProcessMemory or WriteProcessMemory request was completed. (0x12B)
[1105/082608.057:WARNING:pe_image_reader.cc(340)] could not read dos header from C:\Windows\System32\combase.dll
[1105/082608.057:ERROR:process_memory_win.cc(73)] ReadMemory at 0x7ffa1d450000 of 64 bytes failed: Only part of a ReadProcessMemory or WriteProcessMemory request was completed. (0x12B)
[1105/082608.057:WARNING:pe_image_reader.cc(340)] could not read dos header from C:\Windows\System32\WINTRUST.dll
[1105/082608.057:ERROR:process_memory_win.cc(73)] ReadMemory at 0x7ffa1d600000 of 64 bytes failed: Only part of a ReadProcessMemory or WriteProcessMemory request was completed. (0x12B)
[1105/082608.057:WARNING:pe_image_reader.cc(340)] could not read dos header from C:\Windows\System32\CRYPT32.dll
[1105/082608.057:ERROR:process_memory_win.cc(73)] ReadMemory at 0x7ffa0a840000 of 64 bytes failed: Only part of a ReadProcessMemory or WriteProcessMemory request was completed. (0x12B)
[1105/082608.057:WARNING:pe_image_reader.cc(340)] could not read dos header from C:\Windows\SYSTEM32\dbghelp.dll
[1105/082608.057:ERROR:process_memory_win.cc(73)] ReadMemory at 0x7ffa1c7d0000 of 64 bytes failed: Only part of a ReadProcessMemory or WriteProcessMemory request was completed. (0x12B)
[1105/082608.057:WARNING:pe_image_reader.cc(340)] could not read dos header from C:\Windows\SYSTEM32\IPHLPAPI.DLL
[1105/082608.058:ERROR:process_memory_win.cc(73)] ReadMemory at 0x7ffa11b90000 of 64 bytes failed: Only part of a ReadProcessMemory or WriteProcessMemory request was completed. (0x12B)
[1105/082608.058:WARNING:pe_image_reader.cc(340)] could not read dos header from C:\Windows\SYSTEM32\WINMM.dll
[1105/082608.058:ERROR:process_memory_win.cc(73)] ReadMemory at 0x7ffa03d70000 of 64 bytes failed: Only part of a ReadProcessMemory or WriteProcessMemory request was completed. (0x12B)
[1105/082608.058:WARNING:pe_image_reader.cc(340)] could not read dos header from C:\Windows\SYSTEM32\UIAutomationCore.DLL
[1105/082608.058:ERROR:process_memory_win.cc(73)] ReadMemory at 0x7ffa0d180000 of 64 bytes failed: Only part of a ReadProcessMemory or WriteProcessMemory request was completed. (0x12B)
[1105/082608.058:WARNING:pe_image_reader.cc(340)] could not read dos header from C:\Windows\SYSTEM32\Secur32.dll
[1105/082608.058:ERROR:process_memory_win.cc(73)] ReadMemory at 0x7ffa1d2f0000 of 64 bytes failed: Only part of a ReadProcessMemory or WriteProcessMemory request was completed. (0x12B)
[1105/082608.058:WARNING:pe_image_reader.cc(340)] could not read dos header from C:\Windows\SYSTEM32\USERENV.dll
[1105/082608.058:ERROR:process_memory_win.cc(73)] ReadMemory at 0x7ffa0dd40000 of 64 bytes failed: Only part of a ReadProcessMemory or WriteProcessMemory request was completed. (0x12B)
[1105/082608.058:WARNING:pe_image_reader.cc(340)] could not read dos header from C:\Windows\SYSTEM32\DWrite.dll
[1105/082608.058:ERROR:process_memory_win.cc(73)] ReadMemory at 0x7ffa10690000 of 64 bytes failed: Only part of a ReadProcessMemory or WriteProcessMemory request was completed. (0x12B)
[1105/082608.058:WARNING:pe_image_reader.cc(340)] could not read dos header from C:\Windows\SYSTEM32\WINSPOOL.DRV
[1105/082608.058:ERROR:process_memory_win.cc(73)] ReadMemory at 0x7ffa11160000 of 64 bytes failed: Only part of a ReadProcessMemory or WriteProcessMemory request was completed. (0x12B)
[1105/082608.058:WARNING:pe_image_reader.cc(340)] could not read dos header from C:\Windows\SYSTEM32\WINHTTP.dll
[1105/082608.058:ERROR:process_memory_win.cc(73)] ReadMemory at 0x7ffa12aa0000 of 64 bytes failed: Only part of a ReadProcessMemory or WriteProcessMemory request was completed. (0x12B)
[1105/082608.058:WARNING:pe_image_reader.cc(340)] could not read dos header from C:\Windows\SYSTEM32\dhcpcsvc.DLL
[1105/082608.058:ERROR:process_memory_win.cc(73)] ReadMemory at 0x7ffa18fc0000 of 64 bytes failed: Only part of a ReadProcessMemory or WriteProcessMemory request was completed. (0x12B)
[1105/082608.058:WARNING:pe_image_reader.cc(340)] could not read dos header from C:\Windows\SYSTEM32\PROPSYS.dll
[1105/082608.058:ERROR:process_memory_win.cc(73)] ReadMemory at 0x7ffa1d2b0000 of 64 bytes failed: Only part of a ReadProcessMemory or WriteProcessMemory request was completed. (0x12B)
[1105/082608.058:WARNING:pe_image_reader.cc(340)] could not read dos header from C:\Windows\SYSTEM32\SSPICLI.DLL
[1105/082608.058:ERROR:process_memory_win.cc(73)] ReadMemory at 0x7ffa1cf80000 of 64 bytes failed: Only part of a ReadProcessMemory or WriteProcessMemory request was completed. (0x12B)
[1105/082608.058:WARNING:pe_image_reader.cc(340)] could not read dos header from C:\Windows\System32\MSASN1.dll
[1105/082608.059:ERROR:process_memory_win.cc(73)] ReadMemory at 0x7ffa1d550000 of 64 bytes failed: Only part of a ReadProcessMemory or WriteProcessMemory request was completed. (0x12B)
[1105/082608.059:WARNING:pe_image_reader.cc(340)] could not read dos header from C:\Windows\System32\bcryptPrimitives.dll
[1105/082608.059:ERROR:process_memory_win.cc(73)] ReadMemory at 0x7ffa1cc40000 of 64 bytes failed: Only part of a ReadProcessMemory or WriteProcessMemory request was completed. (0x12B)
[1105/082608.059:WARNING:pe_image_reader.cc(340)] could not read dos header from C:\Windows\SYSTEM32\CRYPTBASE.DLL
[1105/082608.059:ERROR:process_memory_win.cc(73)] ReadMemory at 0x7ff63b2e0000 of 64 bytes failed: Only part of a ReadProcessMemory or WriteProcessMemory request was completed. (0x12B)
[1105/082608.059:WARNING:pe_image_reader.cc(340)] could not read dos header from C:\Program Files (x86)\Google\Chrome\Application\chrome.exe
[1105/082608.059:ERROR:process_memory_win.cc(73)] ReadMemory at 0x7ffa1fcb0000 of 64 bytes failed: Only part of a ReadProcessMemory or WriteProcessMemory request was completed. (0x12B)
[1105/082608.059:WARNING:pe_image_reader.cc(340)] could not read dos header from C:\Windows\SYSTEM32\ntdll.dll
[1105/082608.059:ERROR:process_memory_win.cc(73)] ReadMemory at 0x7ffa1f570000 of 64 bytes failed: Only part of a ReadProcessMemory or WriteProcessMemory request was completed. (0x12B)
[1105/082608.059:WARNING:pe_image_reader.cc(340)] could not read dos header from C:\Windows\System32\KERNEL32.DLL
[1105/082608.059:ERROR:process_memory_win.cc(73)] ReadMemory at 0x7ffa1da50000 of 64 bytes failed: Only part of a ReadProcessMemory or WriteProcessMemory request was completed. (0x12B)
[1105/082608.059:WARNING:pe_image_reader.cc(340)] could not read dos header from C:\Windows\System32\KERNELBASE.dll
[1105/082608.059:ERROR:process_memory_win.cc(73)] ReadMemory at 0x7ffa04e20000 of 64 bytes failed: Only part of a ReadProcessMemory or WriteProcessMemory request was completed. (0x12B)
[1105/082608.059:WARNING:pe_image_reader.cc(340)] could not read dos header from C:\Program Files (x86)\Google\Chrome\Application\86.0.4240.111\chrome_elf.dll
[1105/082608.059:ERROR:process_memory_win.cc(73)] ReadMemory at 0x7ffa11430000 of 64 bytes failed: Only part of a ReadProcessMemory or WriteProcessMemory request was completed. (0x12B)
[1105/082608.059:WARNING:pe_image_reader.cc(340)] could not read dos header from C:\Windows\SYSTEM32\VERSION.dll
[1105/082608.059:ERROR:process_memory_win.cc(73)] ReadMemory at 0x7ffa1f140000 of 64 bytes failed: Only part of a ReadProcessMemory or WriteProcessMemory request was completed. (0x12B)
[1105/082608.059:WARNING:pe_image_reader.cc(340)] could not read dos header from C:\Windows\System32\msvcrt.dll
[1105/082608.059:ERROR:process_memory_win.cc(73)] ReadMemory at 0x7ffa1fae0000 of 64 bytes failed: Only part of a ReadProcessMemory or WriteProcessMemory request was completed. (0x12B)
[1105/082608.059:WARNING:pe_image_reader.cc(340)] could not read dos header from C:\Windows\System32\ADVAPI32.dll
[1105/082608.060:ERROR:process_memory_win.cc(73)] ReadMemory at 0x7ffa1de40000 of 64 bytes failed: Only part of a ReadProcessMemory or WriteProcessMemory request was completed. (0x12B)
[1105/082608.060:WARNING:pe_image_reader.cc(340)] could not read dos header from C:\Windows\System32\sechost.dll
[1105/082608.060:ERROR:process_memory_win.cc(73)] ReadMemory at 0x7ffa1f3e0000 of 64 bytes failed: Only part of a ReadProcessMemory or WriteProcessMemory request was completed. (0x12B)
[1105/082608.060:WARNING:pe_image_reader.cc(340)] could not read dos header from C:\Windows\System32\RPCRT4.dll
[1105/082608.060:ERROR:process_memory_win.cc(73)] ReadMemory at 0x7ff9d6520000 of 64 bytes failed: Only part of a ReadProcessMemory or WriteProcessMemory request was completed. (0x12B)
[1105/082608.060:WARNING:pe_image_reader.cc(340)] could not read dos header from C:\Program Files (x86)\Google\Chrome\Application\86.0.4240.111\chrome.dll
[1105/082608.060:ERROR:process_memory_win.cc(73)] ReadMemory at 0x7ffa1f290000 of 64 bytes failed: Only part of a ReadProcessMemory or WriteProcessMemory request was completed. (0x12B)
[1105/082608.060:WARNING:pe_image_reader.cc(340)] could not read dos header from C:\Windows\System32\WS2_32.dll
[1105/082608.060:ERROR:process_memory_win.cc(73)] ReadMemory at 0x7ffa1fba0000 of 64 bytes failed: Only part of a ReadProcessMemory or WriteProcessMemory request was completed. (0x12B)
[1105/082608.060:WARNING:pe_image_reader.cc(340)] could not read dos header from C:\Windows\System32\OLEAUT32.dll
[1105/082608.060:ERROR:process_memory_win.cc(73)] ReadMemory at 0x7ffa1d4b0000 of 64 bytes failed: Only part of a ReadProcessMemory or WriteProcessMemory request was completed. (0x12B)
[1105/082608.060:WARNING:pe_image_reader.cc(340)] could not read dos header from C:\Windows\System32\msvcp_win.dll
[1105/082608.060:ERROR:process_memory_win.cc(73)] ReadMemory at 0x7ffa1d760000 of 64 bytes failed: Only part of a ReadProcessMemory or WriteProcessMemory request was completed. (0x12B)
[1105/082608.060:WARNING:pe_image_reader.cc(340)] could not read dos header from C:\Windows\System32\ucrtbase.dll
[1105/082608.060:ERROR:process_memory_win.cc(73)] ReadMemory at 0x7ffa1f780000 of 64 bytes failed: Only part of a ReadProcessMemory or WriteProcessMemory request was completed. (0x12B)
[1105/082608.060:WARNING:pe_image_reader.cc(340)] could not read dos header from C:\Windows\System32\combase.dll
[1105/082608.060:ERROR:process_memory_win.cc(73)] ReadMemory at 0x7ffa1d450000 of 64 bytes failed: Only part of a ReadProcessMemory or WriteProcessMemory request was completed. (0x12B)
[1105/082608.060:WARNING:pe_image_reader.cc(340)] could not read dos header from C:\Windows\System32\WINTRUST.dll
[1105/082608.061:ERROR:process_memory_win.cc(73)] ReadMemory at 0x7ffa1d600000 of 64 bytes failed: Only part of a ReadProcessMemory or WriteProcessMemory request was completed. (0x12B)
[1105/082608.061:WARNING:pe_image_reader.cc(340)] could not read dos header from C:\Windows\System32\CRYPT32.dll
[1105/082608.061:ERROR:process_memory_win.cc(73)] ReadMemory at 0x7ffa0a840000 of 64 bytes failed: Only part of a ReadProcessMemory or WriteProcessMemory request was completed. (0x12B)
[1105/082608.061:WARNING:pe_image_reader.cc(340)] could not read dos header from C:\Windows\SYSTEM32\dbghelp.dll
[1105/082608.061:ERROR:process_memory_win.cc(73)] ReadMemory at 0x7ffa1c7d0000 of 64 bytes failed: Only part of a ReadProcessMemory or WriteProcessMemory request was completed. (0x12B)
[1105/082608.061:WARNING:pe_image_reader.cc(340)] could not read dos header from C:\Windows\SYSTEM32\IPHLPAPI.DLL
[1105/082608.061:ERROR:process_memory_win.cc(73)] ReadMemory at 0x7ffa11b90000 of 64 bytes failed: Only part of a ReadProcessMemory or WriteProcessMemory request was completed. (0x12B)
[1105/082608.061:WARNING:pe_image_reader.cc(340)] could not read dos header from C:\Windows\SYSTEM32\WINMM.dll
[1105/082608.061:ERROR:process_memory_win.cc(73)] ReadMemory at 0x7ffa03d70000 of 64 bytes failed: Only part of a ReadProcessMemory or WriteProcessMemory request was completed. (0x12B)
[1105/082608.061:WARNING:pe_image_reader.cc(340)] could not read dos header from C:\Windows\SYSTEM32\UIAutomationCore.DLL
[1105/082608.061:ERROR:process_memory_win.cc(73)] ReadMemory at 0x7ffa0d180000 of 64 bytes failed: Only part of a ReadProcessMemory or WriteProcessMemory request was completed. (0x12B)
[1105/082608.061:WARNING:pe_image_reader.cc(340)] could not read dos header from C:\Windows\SYSTEM32\Secur32.dll
[1105/082608.061:ERROR:process_memory_win.cc(73)] ReadMemory at 0x7ffa1d2f0000 of 64 bytes failed: Only part of a ReadProcessMemory or WriteProcessMemory request was completed. (0x12B)
[1105/082608.061:WARNING:pe_image_reader.cc(340)] could not read dos header from C:\Windows\SYSTEM32\USERENV.dll
[1105/082608.061:ERROR:process_memory_win.cc(73)] ReadMemory at 0x7ffa0dd40000 of 64 bytes failed: Only part of a ReadProcessMemory or WriteProcessMemory request was completed. (0x12B)
[1105/082608.061:WARNING:pe_image_reader.cc(340)] could not read dos header from C:\Windows\SYSTEM32\DWrite.dll
[1105/082608.061:ERROR:process_memory_win.cc(73)] ReadMemory at 0x7ffa10690000 of 64 bytes failed: Only part of a ReadProcessMemory or WriteProcessMemory request was completed. (0x12B)
[1105/082608.061:WARNING:pe_image_reader.cc(340)] could not read dos header from C:\Windows\SYSTEM32\WINSPOOL.DRV
[1105/082608.061:ERROR:process_memory_win.cc(73)] ReadMemory at 0x7ffa11160000 of 64 bytes failed: Only part of a ReadProcessMemory or WriteProcessMemory request was completed. (0x12B)
[1105/082608.061:WARNING:pe_image_reader.cc(340)] could not read dos header from C:\Windows\SYSTEM32\WINHTTP.dll
[1105/082608.061:ERROR:process_memory_win.cc(73)] ReadMemory at 0x7ffa12aa0000 of 64 bytes failed: Only part of a ReadProcessMemory or WriteProcessMemory request was completed. (0x12B)
[1105/082608.061:WARNING:pe_image_reader.cc(340)] could not read dos header from C:\Windows\SYSTEM32\dhcpcsvc.DLL
[1105/082608.062:ERROR:process_memory_win.cc(73)] ReadMemory at 0x7ffa18fc0000 of 64 bytes failed: Only part of a ReadProcessMemory or WriteProcessMemory request was completed. (0x12B)
[1105/082608.062:WARNING:pe_image_reader.cc(340)] could not read dos header from C:\Windows\SYSTEM32\PROPSYS.dll
[1105/082608.062:ERROR:process_memory_win.cc(73)] ReadMemory at 0x7ffa1d2b0000 of 64 bytes failed: Only part of a ReadProcessMemory or WriteProcessMemory request was completed. (0x12B)
[1105/082608.062:WARNING:pe_image_reader.cc(340)] could not read dos header from C:\Windows\SYSTEM32\SSPICLI.DLL
[1105/082608.062:ERROR:process_memory_win.cc(73)] ReadMemory at 0x7ffa1cf80000 of 64 bytes failed: Only part of a ReadProcessMemory or WriteProcessMemory request was completed. (0x12B)
[1105/082608.062:WARNING:pe_image_reader.cc(340)] could not read dos header from C:\Windows\System32\MSASN1.dll
[1105/082608.062:ERROR:process_memory_win.cc(73)] ReadMemory at 0x7ffa1d550000 of 64 bytes failed: Only part of a ReadProcessMemory or WriteProcessMemory request was completed. (0x12B)
[1105/082608.062:WARNING:pe_image_reader.cc(340)] could not read dos header from C:\Windows\System32\bcryptPrimitives.dll
[1105/082608.062:ERROR:process_memory_win.cc(73)] ReadMemory at 0x7ffa1cc40000 of 64 bytes failed: Only part of a ReadProcessMemory or WriteProcessMemory request was completed. (0x12B)
[1105/082608.062:WARNING:pe_image_reader.cc(340)] could not read dos header from C:\Windows\SYSTEM32\CRYPTBASE.DLL
[1105/082608.195:ERROR:process_memory_win.cc(73)] ReadMemory at 0xd52c7e4000 of 114688 bytes failed: Only part of a ReadProcessMemory or WriteProcessMemory request was completed. (0x12B)
[1105/082608.223:ERROR:process_memory_win.cc(73)] ReadMemory at 0xd52cffe000 of 8192 bytes failed: Only part of a ReadProcessMemory or WriteProcessMemory request was completed. (0x12B)
[1105/082608.223:ERROR:process_memory_win.cc(73)] ReadMemory at 0xd52dffe000 of 8192 bytes failed: Only part of a ReadProcessMemory or WriteProcessMemory request was completed. (0x12B)
[1105/082608.223:ERROR:process_memory_win.cc(73)] ReadMemory at 0xd52e7fc000 of 16384 bytes failed: Only part of a ReadProcessMemory or WriteProcessMemory request was completed. (0x12B)
[1105/082608.223:ERROR:process_memory_win.cc(73)] ReadMemory at 0xd52f7fe000 of 8192 bytes failed: Only part of a ReadProcessMemory or WriteProcessMemory request was completed. (0x12B)
[1105/082608.223:ERROR:process_memory_win.cc(73)] ReadMemory at 0xd52fffe000 of 8192 bytes failed: Only part of a ReadProcessMemory or WriteProcessMemory request was completed. (0x12B)
[1105/082608.223:ERROR:process_memory_win.cc(73)] ReadMemory at 0xd5307fd000 of 12288 bytes failed: Only part of a ReadProcessMemory or WriteProcessMemory request was completed. (0x12B)
[1105/082608.224:ERROR:process_memory_win.cc(73)] ReadMemory at 0xd5317fc000 of 16384 bytes failed: Only part of a ReadProcessMemory or WriteProcessMemory request was completed. (0x12B)
[1105/082608.224:ERROR:process_memory_win.cc(73)] ReadMemory at 0xd531ffd000 of 12288 bytes failed: Only part of a ReadProcessMemory or WriteProcessMemory request was completed. (0x12B)
[1105/082608.224:ERROR:process_memory_win.cc(73)] ReadMemory at 0xd5327fc000 of 16384 bytes failed: Only part of a ReadProcessMemory or WriteProcessMemory request was completed. (0x12B)
[1105/082608.224:ERROR:process_memory_win.cc(73)] ReadMemory at 0xd532ffe000 of 8192 bytes failed: Only part of a ReadProcessMemory or WriteProcessMemory request was completed. (0x12B)
[1105/082608.224:ERROR:process_memory_win.cc(73)] ReadMemory at 0xd5337f6000 of 40960 bytes failed: Only part of a ReadProcessMemory or WriteProcessMemory request was completed. (0x12B)
[1105/082608.224:ERROR:process_memory_win.cc(73)] ReadMemory at 0xd533ff5000 of 45056 bytes failed: Only part of a ReadProcessMemory or WriteProcessMemory request was completed. (0x12B)
[1105/082608.224:ERROR:process_memory_win.cc(73)] ReadMemory at 0xd5347f5000 of 45056 bytes failed: Only part of a ReadProcessMemory or WriteProcessMemory request was completed. (0x12B)
[1105/082608.224:ERROR:process_memory_win.cc(73)] ReadMemory at 0xd534ff5000 of 45056 bytes failed: Only part of a ReadProcessMemory or WriteProcessMemory request was completed. (0x12B)
[1105/082608.225:ERROR:process_memory_win.cc(73)] ReadMemory at 0xd5357f5000 of 45056 bytes failed: Only part of a ReadProcessMemory or WriteProcessMemory request was completed. (0x12B)
[1105/082608.225:ERROR:process_memory_win.cc(73)] ReadMemory at 0xd5367f1000 of 61440 bytes failed: Only part of a ReadProcessMemory or WriteProcessMemory request was completed. (0x12B)
[1105/082608.225:ERROR:process_memory_win.cc(73)] ReadMemory at 0xd536ffd000 of 12288 bytes failed: Only part of a ReadProcessMemory or WriteProcessMemory request was completed. (0x12B)
[1105/082608.225:ERROR:process_memory_win.cc(73)] ReadMemory at 0xd5377f1000 of 61440 bytes failed: Only part of a ReadProcessMemory or WriteProcessMemory request was completed. (0x12B)
[1105/082608.225:ERROR:process_memory_win.cc(73)] ReadMemory at 0xd537ff4000 of 49152 bytes failed: Only part of a ReadProcessMemory or WriteProcessMemory request was completed. (0x12B)
[1105/082608.225:ERROR:process_memory_win.cc(73)] ReadMemory at 0xd5387f5000 of 45056 bytes failed: Only part of a ReadProcessMemory or WriteProcessMemory request was completed. (0x12B)
[1105/082608.226:ERROR:process_memory_win.cc(73)] ReadMemory at 0xd538ff4000 of 49152 bytes failed: Only part of a ReadProcessMemory or WriteProcessMemory request was completed. (0x12B)
[1105/082608.226:ERROR:process_memory_win.cc(73)] ReadMemory at 0xd5397f4000 of 49152 bytes failed: Only part of a ReadProcessMemory or WriteProcessMemory request was completed. (0x12B)
[1105/082608.226:ERROR:process_memory_win.cc(73)] ReadMemory at 0xd539ff1000 of 61440 bytes failed: Only part of a ReadProcessMemory or WriteProcessMemory request was completed. (0x12B)
[1105/082608.226:ERROR:process_memory_win.cc(73)] ReadMemory at 0xd53a7f1000 of 61440 bytes failed: Only part of a ReadProcessMemory or WriteProcessMemory request was completed. (0x12B)
[1105/082608.226:ERROR:process_memory_win.cc(73)] ReadMemory at 0xd53aff1000 of 61440 bytes failed: Only part of a ReadProcessMemory or WriteProcessMemory request was completed. (0x12B)
[1105/082608.226:ERROR:process_memory_win.cc(73)] ReadMemory at 0xd53b7f1000 of 61440 bytes failed: Only part of a ReadProcessMemory or WriteProcessMemory request was completed. (0x12B)
[1105/082608.227:ERROR:process_memory_win.cc(73)] ReadMemory at 0xd52d7f1000 of 61440 bytes failed: Only part of a ReadProcessMemory or WriteProcessMemory request was completed. (0x12B)
[1105/082608.298:ERROR:process_memory_win.cc(73)] ReadMemory at 0xd530ff1000 of 61440 bytes failed: Only part of a ReadProcessMemory or WriteProcessMemory request was completed. (0x12B)
[1105/082608.299:ERROR:process_memory_win.cc(73)] ReadMemory at 0xd535ff4000 of 49152 bytes failed: Only part of a ReadProcessMemory or WriteProcessMemory request was completed. (0x12B)
[1105/082608.299:ERROR:process_memory_win.cc(73)] ReadMemory at 0xd52efff000 of 4096 bytes failed: Only part of a ReadProcessMemory or WriteProcessMemory request was completed. (0x12B)
[1105/082608.299:ERROR:process_memory_win.cc(73)] ReadMemory at 0xd53bff9000 of 28672 bytes failed: Only part of a ReadProcessMemory or WriteProcessMemory request was completed. (0x12B)
[1105/082608.299:ERROR:process_memory_win.cc(73)] ReadMemory at 0xd52bfb6000 of 852 bytes failed: Only part of a ReadProcessMemory or WriteProcessMemory request was completed. (0x12B)
[1105/082608.300:ERROR:process_memory_win.cc(73)] ReadMemory at 0xd52bfb7000 of 6024 bytes failed: Only part of a ReadProcessMemory or WriteProcessMemory request was completed. (0x12B)
[1105/082608.300:ERROR:process_memory_win.cc(73)] ReadMemory at 0xd52bfb9000 of 6024 bytes failed: Only part of a ReadProcessMemory or WriteProcessMemory request was completed. (0x12B)
[1105/082608.300:ERROR:process_memory_win.cc(73)] ReadMemory at 0xd52bfbd000 of 6024 bytes failed: Only part of a ReadProcessMemory or WriteProcessMemory request was completed. (0x12B)
[1105/082608.301:ERROR:process_memory_win.cc(73)] ReadMemory at 0xd52bfbf000 of 6024 bytes failed: Only part of a ReadProcessMemory or WriteProcessMemory request was completed. (0x12B)
[1105/082608.301:ERROR:process_memory_win.cc(73)] ReadMemory at 0xd52bfc3000 of 6024 bytes failed: Only part of a ReadProcessMemory or WriteProcessMemory request was completed. (0x12B)
[1105/082608.301:ERROR:process_memory_win.cc(73)] ReadMemory at 0xd52bfc5000 of 6024 bytes failed: Only part of a ReadProcessMemory or WriteProcessMemory request was completed. (0x12B)
[1105/082608.302:ERROR:process_memory_win.cc(73)] ReadMemory at 0xd52bfc7000 of 6024 bytes failed: Only part of a ReadProcessMemory or WriteProcessMemory request was completed. (0x12B)
[1105/082608.302:ERROR:process_memory_win.cc(73)] ReadMemory at 0xd52bfcb000 of 6024 bytes failed: Only part of a ReadProcessMemory or WriteProcessMemory request was completed. (0x12B)
[1105/082608.302:ERROR:process_memory_win.cc(73)] ReadMemory at 0xd52bfcd000 of 6024 bytes failed: Only part of a ReadProcessMemory or WriteProcessMemory request was completed. (0x12B)
[1105/082608.303:ERROR:process_memory_win.cc(73)] ReadMemory at 0xd52bfcf000 of 6024 bytes failed: Only part of a ReadProcessMemory or WriteProcessMemory request was completed. (0x12B)
[1105/082608.303:ERROR:process_memory_win.cc(73)] ReadMemory at 0xd52bfd1000 of 6024 bytes failed: Only part of a ReadProcessMemory or WriteProcessMemory request was completed. (0x12B)
[1105/082608.303:ERROR:process_memory_win.cc(73)] ReadMemory at 0xd52bfd3000 of 6024 bytes failed: Only part of a ReadProcessMemory or WriteProcessMemory request was completed. (0x12B)
[1105/082608.303:ERROR:process_memory_win.cc(73)] ReadMemory at 0xd52bfd5000 of 6024 bytes failed: Only part of a ReadProcessMemory or WriteProcessMemory request was completed. (0x12B)
[1105/082608.304:ERROR:process_memory_win.cc(73)] ReadMemory at 0xd52bfd7000 of 6024 bytes failed: Only part of a ReadProcessMemory or WriteProcessMemory request was completed. (0x12B)
[1105/082608.304:ERROR:process_memory_win.cc(73)] ReadMemory at 0xd52bfd9000 of 6024 bytes failed: Only part of a ReadProcessMemory or WriteProcessMemory request was completed. (0x12B)
[1105/082608.304:ERROR:process_memory_win.cc(73)] ReadMemory at 0xd52bfdb000 of 6024 bytes failed: Only part of a ReadProcessMemory or WriteProcessMemory request was completed. (0x12B)
[1105/082608.305:ERROR:process_memory_win.cc(73)] ReadMemory at 0xd52bfdf000 of 6024 bytes failed: Only part of a ReadProcessMemory or WriteProcessMemory request was completed. (0x12B)
[1105/082608.305:ERROR:process_memory_win.cc(73)] ReadMemory at 0xd52bfe1000 of 6024 bytes failed: Only part of a ReadProcessMemory or WriteProcessMemory request was completed. (0x12B)
[1105/082608.306:ERROR:process_memory_win.cc(73)] ReadMemory at 0xd52bfe3000 of 6024 bytes failed: Only part of a ReadProcessMemory or WriteProcessMemory request was completed. (0x12B)
[1105/082608.308:ERROR:process_memory_win.cc(73)] ReadMemory at 0xd52bfe5000 of 6024 bytes failed: Only part of a ReadProcessMemory or WriteProcessMemory request was completed. (0x12B)
[1105/082608.308:ERROR:process_memory_win.cc(73)] ReadMemory at 0xd52bfe7000 of 6024 bytes failed: Only part of a ReadProcessMemory or WriteProcessMemory request was completed. (0x12B)
[1105/082608.308:ERROR:process_memory_win.cc(73)] ReadMemory at 0xd52bfe9000 of 6024 bytes failed: Only part of a ReadProcessMemory or WriteProcessMemory request was completed. (0x12B)
[1105/082608.309:ERROR:process_memory_win.cc(73)] ReadMemory at 0xd52bfeb000 of 6024 bytes failed: Only part of a ReadProcessMemory or WriteProcessMemory request was completed. (0x12B)
[1105/082608.309:ERROR:process_memory_win.cc(73)] ReadMemory at 0xd52bfed000 of 6024 bytes failed: Only part of a ReadProcessMemory or WriteProcessMemory request was completed. (0x12B)
[1105/082608.309:ERROR:process_memory_win.cc(73)] ReadMemory at 0xd52bfef000 of 6024 bytes failed: Only part of a ReadProcessMemory or WriteProcessMemory request was completed. (0x12B)
[1105/082608.309:ERROR:process_memory_win.cc(73)] ReadMemory at 0xd52bff1000 of 6024 bytes failed: Only part of a ReadProcessMemory or WriteProcessMemory request was completed. (0x12B)
[1105/082608.310:ERROR:process_memory_win.cc(73)] ReadMemory at 0xd52bff3000 of 6024 bytes failed: Only part of a ReadProcessMemory or WriteProcessMemory request was completed. (0x12B)
[1105/082608.310:ERROR:process_memory_win.cc(73)] ReadMemory at 0xd52bff5000 of 6024 bytes failed: Only part of a ReadProcessMemory or WriteProcessMemory request was completed. (0x12B)
[1105/082608.310:ERROR:process_memory_win.cc(73)] ReadMemory at 0xd52bff7000 of 6024 bytes failed: Only part of a ReadProcessMemory or WriteProcessMemory request was completed. (0x12B)
[1105/082608.310:ERROR:process_memory_win.cc(73)] ReadMemory at 0xd52bff9000 of 6024 bytes failed: Only part of a ReadProcessMemory or WriteProcessMemory request was completed. (0x12B)
[1105/082608.311:ERROR:process_memory_win.cc(73)] ReadMemory at 0xd52bffb000 of 6024 bytes failed: Only part of a ReadProcessMemory or WriteProcessMemory request was completed. (0x12B)
[1105/082608.311:ERROR:process_memory_win.cc(73)] ReadMemory at 0xd52bffd000 of 6024 bytes failed: Only part of a ReadProcessMemory or WriteProcessMemory request was completed. (0x12B)
[1105/082608.312:ERROR:process_memory_win.cc(73)] ReadMemory at 0x263e75b0000 of 720 bytes failed: Only part of a ReadProcessMemory or WriteProcessMemory request was completed. (0x12B)
[1105/082608.558:ERROR:process_memory_win.cc(73)] ReadMemory at 0x263e75b0fe0 of 5360 bytes failed: Only part of a ReadProcessMemory or WriteProcessMemory request was completed. (0x12B)
[1105/082608.558:ERROR:process_memory_win.cc(73)] ReadMemory at 0x263e75b24e0 of 1012 bytes failed: Only part of a ReadProcessMemory or WriteProcessMemory request was completed. (0x12B)
[1105/082608.558:ERROR:process_memory_win.cc(73)] ReadMemory at 0x263e75b2b28 of 118 bytes failed: Only part of a ReadProcessMemory or WriteProcessMemory request was completed. (0x12B)
[1105/082608.559:ERROR:process_memory_win.cc(73)] ReadMemory at 0x263e75b2ba0 of 796 bytes failed: Only part of a ReadProcessMemory or WriteProcessMemory request was completed. (0x12B)
[1105/082608.559:ERROR:process_memory_win.cc(73)] ReadMemory at 0x263e75b2ebe of 118 bytes failed: Only part of a ReadProcessMemory or WriteProcessMemory request was completed. (0x12B)
[1105/082608.559:ERROR:process_memory_win.cc(73)] ReadMemory at 0x263e75b2f36 of 94 bytes failed: Only part of a ReadProcessMemory or WriteProcessMemory request was completed. (0x12B)
[1105/082608.560:ERROR:process_memory_win.cc(73)] ReadMemory at 0x263e75b2fa0 of 58 bytes failed: Only part of a ReadProcessMemory or WriteProcessMemory request was completed. (0x12B)
[1105/082608.560:ERROR:process_memory_win.cc(73)] ReadMemory at 0x263e75b30a0 of 132 bytes failed: Only part of a ReadProcessMemory or WriteProcessMemory request was completed. (0x12B)
[1105/082608.560:ERROR:process_memory_win.cc(73)] ReadMemory at 0x263e75b3230 of 132 bytes failed: Only part of a ReadProcessMemory or WriteProcessMemory request was completed. (0x12B)
[1105/082608.560:ERROR:process_memory_win.cc(73)] ReadMemory at 0x263e75b33f0 of 126 bytes failed: Only part of a ReadProcessMemory or WriteProcessMemory request was completed. (0x12B)
[1105/082608.560:ERROR:process_memory_win.cc(73)] ReadMemory at 0x263e75b38f0 of 132 bytes failed: Only part of a ReadProcessMemory or WriteProcessMemory request was completed. (0x12B)
[1105/082608.561:ERROR:process_memory_win.cc(73)] ReadMemory at 0x263e75b3a80 of 64 bytes failed: Only part of a ReadProcessMemory or WriteProcessMemory request was completed. (0x12B)
[1105/082608.561:ERROR:process_memory_win.cc(73)] ReadMemory at 0x263e75b3c40 of 132 bytes failed: Only part of a ReadProcessMemory or WriteProcessMemory request was completed. (0x12B)
[1105/082608.561:ERROR:process_memory_win.cc(73)] ReadMemory at 0x263e75b3f00 of 132 bytes failed: Only part of a ReadProcessMemory or WriteProcessMemory request was completed. (0x12B)
[1105/082608.561:ERROR:process_memory_win.cc(73)] ReadMemory at 0x263e75b4090 of 68 bytes failed: Only part of a ReadProcessMemory or WriteProcessMemory request was completed. (0x12B)
[1105/082608.562:ERROR:process_memory_win.cc(73)] ReadMemory at 0x263e75b5170 of 132 bytes failed: Only part of a ReadProcessMemory or WriteProcessMemory request was completed. (0x12B)
[1105/082608.562:ERROR:process_memory_win.cc(73)] ReadMemory at 0x263e75b52a0 of 154 bytes failed: Only part of a ReadProcessMemory or WriteProcessMemory request was completed. (0x12B)
[1105/082608.562:ERROR:process_memory_win.cc(73)] ReadMemory at 0x263e75b5960 of 62 bytes failed: Only part of a ReadProcessMemory or WriteProcessMemory request was completed. (0x12B)
[1105/082608.562:ERROR:process_memory_win.cc(73)] ReadMemory at 0x263e75b6090 of 132 bytes failed: Only part of a ReadProcessMemory or WriteProcessMemory request was completed. (0x12B)
[1105/082608.563:ERROR:process_memory_win.cc(73)] ReadMemory at 0x263e75b6f80 of 60 bytes failed: Only part of a ReadProcessMemory or WriteProcessMemory request was completed. (0x12B)
[1105/082608.565:ERROR:process_memory_win.cc(73)] ReadMemory at 0x263e75bbf50 of 512 bytes failed: Only part of a ReadProcessMemory or WriteProcessMemory request was completed. (0x12B)
[1105/082608.565:ERROR:process_memory_win.cc(73)] ReadMemory at 0x263e75be1d0 of 64 bytes failed: Only part of a ReadProcessMemory or WriteProcessMemory request was completed. (0x12B)
[1105/082608.565:ERROR:process_memory_win.cc(73)] ReadMemory at 0x263e75be270 of 60 bytes failed: Only part of a ReadProcessMemory or WriteProcessMemory request was completed. (0x12B)
[1105/082608.566:ERROR:process_memory_win.cc(73)] ReadMemory at 0x263e75be4f0 of 62 bytes failed: Only part of a ReadProcessMemory or WriteProcessMemory request was completed. (0x12B)
[1105/082608.566:ERROR:process_memory_win.cc(73)] ReadMemory at 0x263e75c2ec0 of 146 bytes failed: Only part of a ReadProcessMemory or WriteProcessMemory request was completed. (0x12B)
[1105/082608.566:ERROR:process_memory_win.cc(73)] ReadMemory at 0x263e75c2fb0 of 132 bytes failed: Only part of a ReadProcessMemory or WriteProcessMemory request was completed. (0x12B)
[1105/082608.633:ERROR:process_memory_win.cc(73)] ReadMemory at 0x263e75c3af0 of 132 bytes failed: Only part of a ReadProcessMemory or WriteProcessMemory request was completed. (0x12B)
[1105/082608.633:ERROR:process_memory_win.cc(73)] ReadMemory at 0x263e75c3d10 of 132 bytes failed: Only part of a ReadProcessMemory or WriteProcessMemory request was completed. (0x12B)
[1105/082608.633:ERROR:process_memory_win.cc(73)] ReadMemory at 0x263e75c4610 of 80 bytes failed: Only part of a ReadProcessMemory or WriteProcessMemory request was completed. (0x12B)
[1105/082608.633:ERROR:process_memory_win.cc(73)] ReadMemory at 0x263e75c4850 of 80 bytes failed: Only part of a ReadProcessMemory or WriteProcessMemory request was completed. (0x12B)
[1105/082608.633:ERROR:process_memory_win.cc(73)] ReadMemory at 0x263e75c5000 of 132 bytes failed: Only part of a ReadProcessMemory or WriteProcessMemory request was completed. (0x12B)
[1105/082608.633:ERROR:process_memory_win.cc(73)] ReadMemory at 0x263e75c5130 of 132 bytes failed: Only part of a ReadProcessMemory or WriteProcessMemory request was completed. (0x12B)
[1105/082608.633:ERROR:process_memory_win.cc(73)] ReadMemory at 0x263e75c5260 of 132 bytes failed: Only part of a ReadProcessMemory or WriteProcessMemory request was completed. (0x12B)
[1105/082608.634:ERROR:process_memory_win.cc(73)] ReadMemory at 0x263e75c5390 of 132 bytes failed: Only part of a ReadProcessMemory or WriteProcessMemory request was completed. (0x12B)
[1105/082608.634:ERROR:process_memory_win.cc(73)] ReadMemory at 0x263e75c54c0 of 132 bytes failed: Only part of a ReadProcessMemory or WriteProcessMemory request was completed. (0x12B)
[1105/082608.634:ERROR:process_memory_win.cc(73)] ReadMemory at 0x263e75c55f0 of 132 bytes failed: Only part of a ReadProcessMemory or WriteProcessMemory request was completed. (0x12B)
[1105/082608.634:ERROR:process_memory_win.cc(73)] ReadMemory at 0x263e75c5720 of 132 bytes failed: Only part of a ReadProcessMemory or WriteProcessMemory request was completed. (0x12B)
[1105/082608.634:ERROR:process_memory_win.cc(73)] ReadMemory at 0x263e75c5850 of 132 bytes failed: Only part of a ReadProcessMemory or WriteProcessMemory request was completed. (0x12B)
[1105/082608.634:ERROR:process_memory_win.cc(73)] ReadMemory at 0x263e75c5980 of 132 bytes failed: Only part of a ReadProcessMemory or WriteProcessMemory request was completed. (0x12B)
[1105/082608.634:ERROR:process_memory_win.cc(73)] ReadMemory at 0x263e75c5ab0 of 132 bytes failed: Only part of a ReadProcessMemory or WriteProcessMemory request was completed. (0x12B)
[1105/082608.634:ERROR:process_memory_win.cc(73)] ReadMemory at 0x263e75c5be0 of 132 bytes failed: Only part of a ReadProcessMemory or WriteProcessMemory request was completed. (0x12B)
[1105/082608.634:ERROR:process_memory_win.cc(73)] ReadMemory at 0x263e75c5d10 of 132 bytes failed: Only part of a ReadProcessMemory or WriteProcessMemory request was completed. (0x12B)
[1105/082608.635:ERROR:process_memory_win.cc(73)] ReadMemory at 0x263e75c5e40 of 132 bytes failed: Only part of a ReadProcessMemory or WriteProcessMemory request was completed. (0x12B)
[1105/082608.635:ERROR:process_memory_win.cc(73)] ReadMemory at 0x263e75c8260 of 132 bytes failed: Only part of a ReadProcessMemory or WriteProcessMemory request was completed. (0x12B)
[1105/082608.635:ERROR:process_memory_win.cc(73)] ReadMemory at 0x263e75c88c0 of 132 bytes failed: Only part of a ReadProcessMemory or WriteProcessMemory request was completed. (0x12B)
[1105/082608.635:ERROR:process_memory_win.cc(73)] ReadMemory at 0x263e75c89f0 of 132 bytes failed: Only part of a ReadProcessMemory or WriteProcessMemory request was completed. (0x12B)
[1105/082608.635:ERROR:process_memory_win.cc(73)] ReadMemory at 0x263e75c8f40 of 132 bytes failed: Only part of a ReadProcessMemory or WriteProcessMemory request was completed. (0x12B)
[1105/082608.635:ERROR:process_memory_win.cc(73)] ReadMemory at 0x263e75ca3e0 of 62 bytes failed: Only part of a ReadProcessMemory or WriteProcessMemory request was completed. (0x12B)
[1105/082608.635:ERROR:process_memory_win.cc(73)] ReadMemory at 0x263e75ca5c0 of 62 bytes failed: Only part of a ReadProcessMemory or WriteProcessMemory request was completed. (0x12B)
[1105/082608.635:ERROR:process_memory_win.cc(73)] ReadMemory at 0x263e75ca610 of 58 bytes failed: Only part of a ReadProcessMemory or WriteProcessMemory request was completed. (0x12B)
[1105/082608.635:ERROR:process_memory_win.cc(73)] ReadMemory at 0x263e75ca660 of 64 bytes failed: Only part of a ReadProcessMemory or WriteProcessMemory request was completed. (0x12B)
[1105/082608.635:ERROR:process_memory_win.cc(73)] ReadMemory at 0x263e75ca840 of 64 bytes failed: Only part of a ReadProcessMemory or WriteProcessMemory request was completed. (0x12B)
[1105/082608.635:ERROR:process_memory_win.cc(73)] ReadMemory at 0x263e75ca8e0 of 62 bytes failed: Only part of a ReadProcessMemory or WriteProcessMemory request was completed. (0x12B)
[1105/082608.636:ERROR:process_memory_win.cc(73)] ReadMemory at 0x263e75ca9d0 of 60 bytes failed: Only part of a ReadProcessMemory or WriteProcessMemory request was completed. (0x12B)
[1105/082608.636:ERROR:process_memory_win.cc(73)] ReadMemory at 0x263e75caa20 of 64 bytes failed: Only part of a ReadProcessMemory or WriteProcessMemory request was completed. (0x12B)
[1105/082608.636:ERROR:process_memory_win.cc(73)] ReadMemory at 0x263e75caa70 of 64 bytes failed: Only part of a ReadProcessMemory or WriteProcessMemory request was completed. (0x12B)
[1105/082608.636:ERROR:process_memory_win.cc(73)] ReadMemory at 0x263e75caac0 of 66 bytes failed: Only part of a ReadProcessMemory or WriteProcessMemory request was completed. (0x12B)
[1105/082608.636:ERROR:process_memory_win.cc(73)] ReadMemory at 0x263e75cab10 of 64 bytes failed: Only part of a ReadProcessMemory or WriteProcessMemory request was completed. (0x12B)
[1105/082608.799:ERROR:process_memory_win.cc(73)] ReadMemory at 0x263e75cab60 of 62 bytes failed: Only part of a ReadProcessMemory or WriteProcessMemory request was completed. (0x12B)
[1105/082608.800:ERROR:process_memory_win.cc(73)] ReadMemory at 0x263e75caca0 of 62 bytes failed: Only part of a ReadProcessMemory or WriteProcessMemory request was completed. (0x12B)
[1105/082608.800:ERROR:process_memory_win.cc(73)] ReadMemory at 0x263e75cacf0 of 62 bytes failed: Only part of a ReadProcessMemory or WriteProcessMemory request was completed. (0x12B)
[1105/082608.800:ERROR:process_memory_win.cc(73)] ReadMemory at 0x263e75caf20 of 62 bytes failed: Only part of a ReadProcessMemory or WriteProcessMemory request was completed. (0x12B)
[1105/082608.800:ERROR:process_memory_win.cc(73)] ReadMemory at 0x263e75cb060 of 64 bytes failed: Only part of a ReadProcessMemory or WriteProcessMemory request was completed. (0x12B)
[1105/082608.800:ERROR:process_memory_win.cc(73)] ReadMemory at 0x263e75cb1a0 of 60 bytes failed: Only part of a ReadProcessMemory or WriteProcessMemory request was completed. (0x12B)
[1105/082608.801:ERROR:process_memory_win.cc(73)] ReadMemory at 0x263e75cb1f0 of 62 bytes failed: Only part of a ReadProcessMemory or WriteProcessMemory request was completed. (0x12B)
[1105/082608.801:ERROR:process_memory_win.cc(73)] ReadMemory at 0x263e75cb290 of 60 bytes failed: Only part of a ReadProcessMemory or WriteProcessMemory request was completed. (0x12B)
[1105/082608.801:ERROR:process_memory_win.cc(73)] ReadMemory at 0x263e75d0b80 of 132 bytes failed: Only part of a ReadProcessMemory or WriteProcessMemory request was completed. (0x12B)
[1105/082608.801:ERROR:process_memory_win.cc(73)] ReadMemory at 0x263e75d0ed0 of 132 bytes failed: Only part of a ReadProcessMemory or WriteProcessMemory request was completed. (0x12B)
[1105/082608.801:ERROR:process_memory_win.cc(73)] ReadMemory at 0x263e75d2eb0 of 132 bytes failed: Only part of a ReadProcessMemory or WriteProcessMemory request was completed. (0x12B)
[1105/082608.801:ERROR:process_memory_win.cc(73)] ReadMemory at 0x263e75d40c8 of 512 bytes failed: Only part of a ReadProcessMemory or WriteProcessMemory request was completed. (0x12B)
[1105/082608.801:ERROR:process_memory_win.cc(73)] ReadMemory at 0x263e75d4b30 of 132 bytes failed: Only part of a ReadProcessMemory or WriteProcessMemory request was completed. (0x12B)
[1105/082608.801:ERROR:process_memory_win.cc(73)] ReadMemory at 0x263e75d4c60 of 132 bytes failed: Only part of a ReadProcessMemory or WriteProcessMemory request was completed. (0x12B)
[1105/082608.801:ERROR:process_memory_win.cc(73)] ReadMemory at 0x263e761b530 of 560 bytes failed: Only part of a ReadProcessMemory or WriteProcessMemory request was completed. (0x12B)
[1105/082608.802:ERROR:process_memory_win.cc(73)] ReadMemory at 0x263e762e210 of 512 bytes failed: Only part of a ReadProcessMemory or WriteProcessMemory request was completed. (0x12B)
[1105/082608.802:ERROR:process_memory_win.cc(73)] ReadMemory at 0x263e762f080 of 512 bytes failed: Only part of a ReadProcessMemory or WriteProcessMemory request was completed. (0x12B)
[1105/082608.802:ERROR:process_memory_win.cc(73)] ReadMemory at 0x263e7656b38 of 512 bytes failed: Only part of a ReadProcessMemory or WriteProcessMemory request was completed. (0x12B)
[1105/082608.802:ERROR:process_memory_win.cc(73)] ReadMemory at 0x263e765c720 of 512 bytes failed: Only part of a ReadProcessMemory or WriteProcessMemory request was completed. (0x12B)
[1105/082608.802:ERROR:process_memory_win.cc(73)] ReadMemory at 0x263e7661000 of 512 bytes failed: Only part of a ReadProcessMemory or WriteProcessMemory request was completed. (0x12B)
[1105/082608.802:ERROR:process_memory_win.cc(73)] ReadMemory at 0x263e766bdc0 of 712 bytes failed: Only part of a ReadProcessMemory or WriteProcessMemory request was completed. (0x12B)
[1105/082608.802:ERROR:process_memory_win.cc(73)] ReadMemory at 0x263e8ef4d00 of 512 bytes failed: Only part of a ReadProcessMemory or WriteProcessMemory request was completed. (0x12B)
[1105/082608.802:ERROR:process_memory_win.cc(73)] ReadMemory at 0x263e8fb2130 of 512 bytes failed: Only part of a ReadProcessMemory or WriteProcessMemory request was completed. (0x12B)
[1105/082608.802:ERROR:process_memory_win.cc(73)] ReadMemory at 0x263e9475e40 of 512 bytes failed: Only part of a ReadProcessMemory or WriteProcessMemory request was completed. (0x12B)
[1105/082608.803:ERROR:process_memory_win.cc(73)] ReadMemory at 0x263e94c4a10 of 512 bytes failed: Only part of a ReadProcessMemory or WriteProcessMemory request was completed. (0x12B)
[1105/082608.803:ERROR:process_memory_win.cc(73)] ReadMemory at 0x263e94eae88 of 512 bytes failed: Only part of a ReadProcessMemory or WriteProcessMemory request was completed. (0x12B)
[1105/082608.803:ERROR:process_memory_win.cc(73)] ReadMemory at 0x263e9641c40 of 512 bytes failed: Only part of a ReadProcessMemory or WriteProcessMemory request was completed. (0x12B)
[1105/082608.803:ERROR:process_memory_win.cc(73)] ReadMemory at 0x263e9c20450 of 512 bytes failed: Only part of a ReadProcessMemory or WriteProcessMemory request was completed. (0x12B)
[1105/082608.803:ERROR:process_memory_win.cc(73)] ReadMemory at 0x263e9c24560 of 512 bytes failed: Only part of a ReadProcessMemory or WriteProcessMemory request was completed. (0x12B)
[1105/082608.803:ERROR:process_memory_win.cc(73)] ReadMemory at 0x263e9f6d230 of 512 bytes failed: Only part of a ReadProcessMemory or WriteProcessMemory request was completed. (0x12B)
[1105/082608.803:ERROR:process_memory_win.cc(73)] ReadMemory at 0x263e9f6edb0 of 512 bytes failed: Only part of a ReadProcessMemory or WriteProcessMemory request was completed. (0x12B)
[1105/082608.803:ERROR:process_memory_win.cc(73)] ReadMemory at 0x263ea0fa470 of 512 bytes failed: Only part of a ReadProcessMemory or WriteProcessMemory request was completed. (0x12B)
[1105/082608.803:ERROR:process_memory_win.cc(73)] ReadMemory at 0x263ebcf0ad0 of 512 bytes failed: Only part of a ReadProcessMemory or WriteProcessMemory request was completed. (0x12B)
[1105/082608.804:ERROR:process_memory_win.cc(73)] ReadMemory at 0x263ebcf0ec0 of 512 bytes failed: Only part of a ReadProcessMemory or WriteProcessMemory request was completed. (0x12B)
[1105/082608.804:ERROR:process_memory_win.cc(73)] ReadMemory at 0x263ed83b540 of 512 bytes failed: Only part of a ReadProcessMemory or WriteProcessMemory request was completed. (0x12B)
[1105/082608.804:ERROR:process_memory_win.cc(73)] ReadMemory at 0x263ede75d60 of 512 bytes failed: Only part of a ReadProcessMemory or WriteProcessMemory request was completed. (0x12B)
[1105/082608.804:ERROR:process_memory_win.cc(73)] ReadMemory at 0x263ef740220 of 512 bytes failed: Only part of a ReadProcessMemory or WriteProcessMemory request was completed. (0x12B)
[1105/082608.804:ERROR:process_memory_win.cc(73)] ReadMemory at 0x263ef7a8140 of 512 bytes failed: Only part of a ReadProcessMemory or WriteProcessMemory request was completed. (0x12B)
[1105/082608.804:ERROR:process_memory_win.cc(73)] ReadMemory at 0x263eff5c3e0 of 512 bytes failed: Only part of a ReadProcessMemory or WriteProcessMemory request was completed. (0x12B)
[1105/082608.804:ERROR:process_memory_win.cc(73)] ReadMemory at 0x263f0755ba0 of 512 bytes failed: Only part of a ReadProcessMemory or WriteProcessMemory request was completed. (0x12B)
[1105/082608.804:ERROR:process_memory_win.cc(73)] ReadMemory at 0x263f0f8e250 of 512 bytes failed: Only part of a ReadProcessMemory or WriteProcessMemory request was completed. (0x12B)
[1105/082608.804:ERROR:process_memory_win.cc(73)] ReadMemory at 0x263f0fa2420 of 512 bytes failed: Only part of a ReadProcessMemory or WriteProcessMemory request was completed. (0x12B)
[1105/082608.805:ERROR:process_memory_win.cc(73)] ReadMemory at 0x263f4c848c0 of 512 bytes failed: Only part of a ReadProcessMemory or WriteProcessMemory request was completed. (0x12B)
[1105/082608.805:ERROR:process_memory_win.cc(73)] ReadMemory at 0x263f9708281 of 512 bytes failed: Only part of a ReadProcessMemory or WriteProcessMemory request was completed. (0x12B)
[1105/082608.805:ERROR:process_memory_win.cc(73)] ReadMemory at 0xb370811af5c of 512 bytes failed: Only part of a ReadProcessMemory or WriteProcessMemory request was completed. (0x12B)
[1105/082608.805:ERROR:process_memory_win.cc(73)] ReadMemory at 0x383608042281 of 512 bytes failed: Only part of a ReadProcessMemory or WriteProcessMemory request was completed. (0x12B)
[1105/082608.805:ERROR:process_memory_win.cc(73)] ReadMemory at 0x38360db9c800 of 512 bytes failed: Only part of a ReadProcessMemory or WriteProcessMemory request was completed. (0x12B)
[1105/082608.805:ERROR:process_memory_win.cc(73)] ReadMemory at 0x4e740872e325 of 512 bytes failed: Only part of a ReadProcessMemory or WriteProcessMemory request was completed. (0x12B)
[1105/082608.805:ERROR:process_memory_win.cc(73)] ReadMemory at 0x63300811af5c of 512 bytes failed: Only part of a ReadProcessMemory or WriteProcessMemory request was completed. (0x12B)
[1105/082608.805:ERROR:process_memory_win.cc(73)] ReadMemory at 0x67890811af5c of 512 bytes failed: Only part of a ReadProcessMemory or WriteProcessMemory request was completed. (0x12B)
[1105/082608.805:ERROR:process_memory_win.cc(73)] ReadMemory at 0x6cc10811af5c of 512 bytes failed: Only part of a ReadProcessMemory or WriteProcessMemory request was completed. (0x12B)
[1105/082608.805:ERROR:process_memory_win.cc(73)] ReadMemory at 0x7ff9d6594090 of 512 bytes failed: Only part of a ReadProcessMemory or WriteProcessMemory request was completed. (0x12B)
[1105/082608.806:ERROR:process_memory_win.cc(73)] ReadMemory at 0x7ff9ddd041a4 of 512 bytes failed: Only part of a ReadProcessMemory or WriteProcessMemory request was completed. (0x12B)
[1105/082608.806:ERROR:process_memory_win.cc(73)] ReadMemory at 0x7ffa04e55810 of 512 bytes failed: Only part of a ReadProcessMemory or WriteProcessMemory request was completed. (0x12B)
[1105/082608.806:ERROR:process_memory_win.cc(73)] ReadMemory at 0x7ffa04e55ed7 of 512 bytes failed: Only part of a ReadProcessMemory or WriteProcessMemory request was completed. (0x12B)
[1105/082608.806:ERROR:process_memory_win.cc(73)] ReadMemory at 0x7ffa1f594a50 of 512 bytes failed: Only part of a ReadProcessMemory or WriteProcessMemory request was completed. (0x12B)
[1105/082608.806:ERROR:process_memory_win.cc(73)] ReadMemory at 0x7ffa1fcc184f of 512 bytes failed: Only part of a ReadProcessMemory or WriteProcessMemory request was completed. (0x12B)
[1105/082608.806:ERROR:process_memory_win.cc(73)] ReadMemory at 0x7ffa1fd4bd94 of 672 bytes failed: Only part of a ReadProcessMemory or WriteProcessMemory request was completed. (0x12B)
[1105/082608.880:ERROR:process_memory_win.cc(73)] ReadMemory at 0x7ffa1fd4f704 of 608 bytes failed: Only part of a ReadProcessMemory or WriteProcessMemory request was completed. (0x12B)
[1105/082608.881:ERROR:process_memory_win.cc(73)] ReadMemory at 0x7ffa1fde09f0 of 18 bytes failed: Only part of a ReadProcessMemory or WriteProcessMemory request was completed. (0x12B)
[1105/082608.881:ERROR:process_memory_win.cc(73)] ReadMemory at 0x7ffa1fe154f8 of 40 bytes failed: Only part of a ReadProcessMemory or WriteProcessMemory request was completed. (0x12B)
[1105/082608.881:ERROR:process_memory_win.cc(73)] ReadMemory at 0x7ffa1fe15978 of 48 bytes failed: Only part of a ReadProcessMemory or WriteProcessMemory request was completed. (0x12B)
[1105/082608.881:ERROR:process_memory_win.cc(73)] ReadMemory at 0x7ffa1fe1b4c0 of 64 bytes failed: Only part of a ReadProcessMemory or WriteProcessMemory request was completed. (0x12B)
[1105/082609.082:ERROR:scoped_process_suspend.cc(40)] NtResumeProcess: An attempt was made to access an exiting process. (0xc000010a)
[1107/102909.920:ERROR:directory_reader_win.cc(43)] FindFirstFile: The system cannot find the path specified. (0x3)
[1109/085521.420:ERROR:directory_reader_win.cc(43)] FindFirstFile: The system cannot find the path specified. (0x3)
[1109/135659.419:ERROR:directory_reader_win.cc(43)] FindFirstFile: The system cannot find the path specified. (0x3)
[1109/234619.107:ERROR:process_reader_win.cc(123)] NtOpenThread: {Access Denied} A process has requested access to an object, but has not been granted those access rights. (0xc0000022)
[1109/234618.772:ERROR:process_reader_win.cc(123)] NtOpenThread: {Access Denied} A process has requested access to an object, but has not been granted those access rights. (0xc0000022)
[1109/234619.111:ERROR:exception_snapshot_win.cc(99)] thread ID 10656 not found in process
[1109/234619.111:ERROR:exception_snapshot_win.cc(99)] thread ID 9284 not found in process
[1109/234619.801:ERROR:process_reader_win.cc(123)] NtOpenThread: {Access Denied} A process has requested access to an object, but has not been granted those access rights. (0xc0000022)
[1109/234619.802:ERROR:exception_snapshot_win.cc(99)] thread ID 8940 not found in process
[1110/085538.292:ERROR:directory_reader_win.cc(43)] FindFirstFile: The system cannot find the path specified. (0x3)
[1111/211536.045:ERROR:directory_reader_win.cc(43)] FindFirstFile: The system cannot find the path specified. (0x3)
[1111/220236.229:ERROR:process_reader_win.cc(123)] NtOpenThread: {Access Denied} A process has requested access to an object, but has not been granted those access rights. (0xc0000022)
[1111/220236.245:ERROR:process_reader_win.cc(123)] NtOpenThread: {Access Denied} A process has requested access to an object, but has not been granted those access rights. (0xc0000022)
[1111/220236.261:ERROR:exception_snapshot_win.cc(99)] thread ID 11496 not found in process
[1111/220236.261:ERROR:exception_snapshot_win.cc(99)] thread ID 11984 not found in process
[1116/102240.785:ERROR:directory_reader_win.cc(43)] FindFirstFile: The system cannot find the path specified. (0x3)
[1117/105816.998:ERROR:directory_reader_win.cc(43)] FindFirstFile: The system cannot find the path specified. (0x3)
[1117/155425.643:ERROR:directory_reader_win.cc(43)] FindFirstFile: The system cannot find the path specified. (0x3)
[1119/115722.134:ERROR:directory_reader_win.cc(43)] FindFirstFile: The system cannot find the path specified. (0x3)
[1120/010536.555:ERROR:scoped_process_suspend.cc(31)] NtSuspendProcess: An attempt was made to access an exiting process. (0xc000010a)
[1120/010536.680:ERROR:process_reader_win.cc(123)] NtOpenThread: {Access Denied} A process has requested access to an object, but has not been granted those access rights. (0xc0000022)
[1120/010537.242:ERROR:exception_snapshot_win.cc(99)] thread ID 2468 not found in process
[1120/010537.242:ERROR:process_info.cc(118)] ReadProcessMemory bool __cdecl crashpad::(anonymous namespace)::ReadStruct(HANDLE, crashpad::WinVMAddress, T *) [T = crashpad::process_types::PEB<crashpad::process_types::internal::Traits64>]: Only part of a ReadProcessMemory or WriteProcessMemory request was completed. (0x12B)
[1120/010537.242:ERROR:process_info.cc(551)] ReadProcessData failed
[1121/165236.644:ERROR:directory_reader_win.cc(43)] FindFirstFile: The system cannot find the path specified. (0x3)
[1205/120814.388:ERROR:directory_reader_win.cc(43)] FindFirstFile: The system cannot find the path specified. (0x3)
[1207/181120.764:ERROR:directory_reader_win.cc(43)] FindFirstFile: The system cannot find the path specified. (0x3)
[1209/020412.484:ERROR:directory_reader_win.cc(43)] FindFirstFile: The system cannot find the path specified. (0x3)
[1209/073905.579:ERROR:process_reader_win.cc(123)] NtOpenThread: {Access Denied} A process has requested access to an object, but has not been granted those access rights. (0xc0000022)
[1209/073905.454:ERROR:process_reader_win.cc(123)] NtOpenThread: {Access Denied} A process has requested access to an object, but has not been granted those access rights. (0xc0000022)
[1209/073905.830:ERROR:exception_snapshot_win.cc(99)] thread ID 5424 not found in process
[1209/073905.830:ERROR:exception_snapshot_win.cc(99)] thread ID 8452 not found in process
[1209/101208.894:ERROR:directory_reader_win.cc(43)] FindFirstFile: The system cannot find the path specified. (0x3)
[1210/184625.583:ERROR:directory_reader_win.cc(43)] FindFirstFile: The system cannot find the path specified. (0x3)
[1213/170740.790:ERROR:directory_reader_win.cc(43)] FindFirstFile: The system cannot find the path specified. (0x3)
[1214/111110.780:ERROR:directory_reader_win.cc(43)] FindFirstFile: The system cannot find the path specified. (0x3)
[1214/212558.810:ERROR:directory_reader_win.cc(43)] FindFirstFile: The system cannot find the path specified. (0x3)
[1215/110506.963:ERROR:directory_reader_win.cc(43)] FindFirstFile: The system cannot find the path specified. (0x3)
[1217/184149.728:ERROR:directory_reader_win.cc(43)] FindFirstFile: The system cannot find the path specified. (0x3)
[1218/005807.747:ERROR:process_reader_win.cc(123)] NtOpenThread: {Access Denied} A process has requested access to an object, but has not been granted those access rights. (0xc0000022)
[1218/005807.963:ERROR:process_reader_win.cc(123)] NtOpenThread: {Access Denied} A process has requested access to an object, but has not been granted those access rights. (0xc0000022)
[1218/005809.313:ERROR:exception_snapshot_win.cc(99)] thread ID 4852 not found in process
[1218/005807.947:ERROR:process_reader_win.cc(123)] NtOpenThread: {Access Denied} A process has requested access to an object, but has not been granted those access rights. (0xc0000022)
[1218/005807.809:ERROR:process_reader_win.cc(123)] NtOpenThread: {Access Denied} A process has requested access to an object, but has not been granted those access rights. (0xc0000022)
[1218/005807.747:ERROR:process_reader_win.cc(123)] NtOpenThread: {Access Denied} A process has requested access to an object, but has not been granted those access rights. (0xc0000022)
[1218/005807.809:ERROR:process_reader_win.cc(123)] NtOpenThread: {Access Denied} A process has requested access to an object, but has not been granted those access rights. (0xc0000022)
[1218/005807.747:ERROR:process_reader_win.cc(123)] NtOpenThread: {Access Denied} A process has requested access to an object, but has not been granted those access rights. (0xc0000022)
[1218/005809.313:ERROR:exception_snapshot_win.cc(99)] thread ID 13160 not found in process
[1218/005809.313:ERROR:exception_snapshot_win.cc(99)] thread ID 9092 not found in process
[1218/005809.313:ERROR:exception_snapshot_win.cc(99)] thread ID 11612 not found in process
[1218/005809.313:ERROR:exception_snapshot_win.cc(99)] thread ID 244 not found in process
[1218/005809.313:ERROR:exception_snapshot_win.cc(99)] thread ID 1860 not found in process
[1218/005809.313:ERROR:exception_snapshot_win.cc(99)] thread ID 2184 not found in process
[1218/102220.094:ERROR:directory_reader_win.cc(43)] FindFirstFile: The system cannot find the path specified. (0x3)
[1218/153753.047:ERROR:process_reader_win.cc(123)] NtOpenThread: {Access Denied} A process has requested access to an object, but has not been granted those access rights. (0xc0000022)
[1218/153753.891:ERROR:process_reader_win.cc(123)] NtOpenThread: {Access Denied} A process has requested access to an object, but has not been granted those access rights. (0xc0000022)
[1218/153754.141:ERROR:exception_snapshot_win.cc(99)] thread ID 1236 not found in process
[1218/153754.141:ERROR:exception_snapshot_win.cc(99)] thread ID 8164 not found in process
[1218/160540.176:ERROR:directory_reader_win.cc(43)] FindFirstFile: The system cannot find the path specified. (0x3)
[1221/194204.356:ERROR:directory_reader_win.cc(43)] FindFirstFile: The system cannot find the path specified. (0x3)
[1222/164906.673:ERROR:directory_reader_win.cc(43)] FindFirstFile: The system cannot find the path specified. (0x3)
[1222/224439.297:ERROR:directory_reader_win.cc(43)] FindFirstFile: The system cannot find the path specified. (0x3)
[1223/183425.214:ERROR:directory_reader_win.cc(43)] FindFirstFile: The system cannot find the path specified. (0x3)
[1230/112521.282:ERROR:directory_reader_win.cc(43)] FindFirstFile: The system cannot find the path specified. (0x3)
[1230/190331.949:ERROR:scoped_process_suspend.cc(31)] NtSuspendProcess: An attempt was made to access an exiting process. (0xc000010a)
[1230/190332.363:ERROR:process_info.cc(118)] ReadProcessMemory bool __cdecl crashpad::(anonymous namespace)::ReadStruct(HANDLE, crashpad::WinVMAddress, T *) [T = crashpad::process_types::PEB<crashpad::process_types::internal::Traits64>]: Only part of a ReadProcessMemory or WriteProcessMemory request was completed. (0x12B)
[1230/190332.374:ERROR:process_info.cc(551)] ReadProcessData failed
[1230/212553.682:ERROR:process_reader_win.cc(123)] NtOpenThread: {Access Denied} A process has requested access to an object, but has not been granted those access rights. (0xc0000022)
[1230/212553.682:ERROR:process_reader_win.cc(123)] NtOpenThread: {Access Denied} A process has requested access to an object, but has not been granted those access rights. (0xc0000022)
[1230/212553.682:ERROR:process_reader_win.cc(123)] NtOpenThread: {Access Denied} A process has requested access to an object, but has not been granted those access rights. (0xc0000022)
[1230/212555.589:ERROR:exception_snapshot_win.cc(99)] thread ID 9264 not found in process
[1230/212555.605:ERROR:exception_snapshot_win.cc(99)] thread ID 1812 not found in process
[1230/212555.589:ERROR:exception_snapshot_win.cc(99)] thread ID 10148 not found in process
[1230/212555.620:ERROR:scoped_process_suspend.cc(40)] NtResumeProcess: An attempt was made to access an exiting process. (0xc000010a)
[1230/212555.620:ERROR:scoped_process_suspend.cc(40)] NtResumeProcess: An attempt was made to access an exiting process. (0xc000010a)
[1230/230908.881:ERROR:directory_reader_win.cc(43)] FindFirstFile: The system cannot find the path specified. (0x3)
[1231/105724.862:ERROR:directory_reader_win.cc(43)] FindFirstFile: The system cannot find the path specified. (0x3)
[0106/223150.524:ERROR:directory_reader_win.cc(43)] FindFirstFile: The system cannot find the path specified. (0x3)
[0111/111410.652:ERROR:directory_reader_win.cc(43)] FindFirstFile: The system cannot find the path specified. (0x3)
[0115/110818.532:ERROR:directory_reader_win.cc(43)] FindFirstFile: The system cannot find the path specified. (0x3)
[0115/130548.095:ERROR:process_info.cc(329)] VirtualQueryEx: Access is denied. (0x5)
[0115/130548.235:ERROR:process_info.cc(556)] ReadMemoryInfo failed
[0115/130548.220:ERROR:process_reader_win.cc(123)] NtOpenThread: {Access Denied} A process has requested access to an object, but has not been granted those access rights. (0xc0000022)
[0115/130548.313:ERROR:scoped_process_suspend.cc(40)] NtResumeProcess: An attempt was made to access an exiting process. (0xc000010a)
[0115/130548.391:ERROR:exception_snapshot_win.cc(99)] thread ID 13692 not found in process
[0116/120831.619:ERROR:directory_reader_win.cc(43)] FindFirstFile: The system cannot find the path specified. (0x3)
[0118/104216.465:ERROR:directory_reader_win.cc(43)] FindFirstFile: The system cannot find the path specified. (0x3)
[0118/151701.387:ERROR:directory_reader_win.cc(43)] FindFirstFile: The system cannot find the path specified. (0x3)
